<?xml version="1.0" encoding="UTF-8"?>
<!-- Generated by org.testng.reporters.JUnitReportReporter -->
<testsuite hostname="LAPTOP-2IH8LNCS" failures="0" tests="1" name="com.goodreads.s.GoodreadsBooks" time="21.457" errors="0" timestamp="2023-07-16T23:54:41 IST" skipped="0">
  <testcase classname="com.goodreads.s.GoodreadsBooks" name="Basava" time="21.457"/>
  <system-out/>
</testsuite> <!-- com.goodreads.s.GoodreadsBooks -->
